info it worked if it ends with ok
verbose cli [ 'node', '/home/charles/.nvm/v0.6.8/bin/npm', 'publish' ]
info using npm@1.1.0-2
info using node@v0.6.8
verbose config file /home/charles/.npmrc
verbose config file /home/charles/.nvm/v0.6.8/etc/npmrc
verbose config file /home/charles/.nvm/v0.6.8/lib/node_modules/npm/npmrc
verbose publish [ '.' ]
verbose caching /home/charles/Repositories/fs2http/package.json
verbose loadDefaults fs2http@0.0.3
info prepublish fs2http@0.0.3
verbose cache add [ '.', null ]
silly cache add: name, spec, args [ undefined, '.', [ '.', null ] ]
verbose parsed url { pathname: '.', path: '.', href: '.' }
verbose caching package.json
verbose loadDefaults fs2http@0.0.3
verbose pack /home/charles/Repositories/fs2http
verbose pack /home/charles/Repositories/fs2http /tmp/npm-1327846683822/1327846683822-0.9121956718154252/tmp.tgz
silly makeList /home/charles/Repositories/fs2http
silly dir, dirLen [ '/home/charles/Repositories/fs2http', 35 ]
verbose tarball /tmp/npm-1327846683822/1327846683822-0.9121956718154252/tmp.tgz
verbose parent /home/charles/Repositories/fs2http
verbose mkdir (expected) error ENOENT, no such file or directory '/tmp/npm-1327846683822/1327846683822-0.9121956718154252/___package.npm'
verbose mkdir done: /tmp/npm-1327846683822/1327846683822-0.9121956718154252/___package.npm 755
verbose unpack_ uid, gid [ undefined, undefined ]
verbose unpackTarget /tmp/npm-1327846683822/1327846683822-0.9121956718154252/package
silly gunzTarPerm modes [ '755', '644' ]
silly afterUntar undefined
silly asyncMap in gTP /tmp/npm-1327846683822/1327846683822-0.9121956718154252/___package.npm/fs2http
silly asyncMap in gTP /tmp/npm-1327846683822/1327846683822-0.9121956718154252/___package.npm/fs2http/index.js
silly asyncMap in gTP /tmp/npm-1327846683822/1327846683822-0.9121956718154252/___package.npm/fs2http/.travis.yml
silly asyncMap in gTP /tmp/npm-1327846683822/1327846683822-0.9121956718154252/___package.npm/fs2http/package.json
silly asyncMap in gTP /tmp/npm-1327846683822/1327846683822-0.9121956718154252/___package.npm/fs2http/.npmignore
silly asyncMap in gTP /tmp/npm-1327846683822/1327846683822-0.9121956718154252/___package.npm/fs2http/README.md
silly asyncMap in gTP /tmp/npm-1327846683822/1327846683822-0.9121956718154252/___package.npm/fs2http/test
silly asyncMap in gTP /tmp/npm-1327846683822/1327846683822-0.9121956718154252/___package.npm/fs2http/test/node-routes-test.coffee
silly asyncMap in gTP /tmp/npm-1327846683822/1327846683822-0.9121956718154252/___package.npm/fs2http/test/server.coffee
silly asyncMap in gTP /tmp/npm-1327846683822/1327846683822-0.9121956718154252/___package.npm/fs2http/test/server.js
silly asyncMap in gTP /tmp/npm-1327846683822/1327846683822-0.9121956718154252/___package.npm/fs2http/test/node-routes-test.js
silly asyncMap in gTP /tmp/npm-1327846683822/1327846683822-0.9121956718154252/___package.npm/fs2http/lib
silly asyncMap in gTP /tmp/npm-1327846683822/1327846683822-0.9121956718154252/___package.npm/fs2http/lib/fs2http.js
silly asyncMap in gTP /tmp/npm-1327846683822/1327846683822-0.9121956718154252/___package.npm/fs2http/lib/utils.js
silly asyncMap in gTP /tmp/npm-1327846683822/1327846683822-0.9121956718154252/___package.npm/fs2http/lib/utils.coffee
silly asyncMap in gTP /tmp/npm-1327846683822/1327846683822-0.9121956718154252/___package.npm/fs2http/lib/fs2http.coffee
silly asyncMap in gTP /tmp/npm-1327846683822/1327846683822-0.9121956718154252/___package.npm/fs2http/lib/views
silly asyncMap in gTP /tmp/npm-1327846683822/1327846683822-0.9121956718154252/___package.npm/fs2http/lib/views/index.jade
silly asyncMap in gTP /tmp/npm-1327846683822/1327846683822-0.9121956718154252/___package.npm/fs2http/lib/routes
silly asyncMap in gTP /tmp/npm-1327846683822/1327846683822-0.9121956718154252/___package.npm/fs2http/lib/routes/readFile.js
silly asyncMap in gTP /tmp/npm-1327846683822/1327846683822-0.9121956718154252/___package.npm/fs2http/lib/routes/index.js
silly asyncMap in gTP /tmp/npm-1327846683822/1327846683822-0.9121956718154252/___package.npm/fs2http/lib/routes/rmdir.coffee
silly asyncMap in gTP /tmp/npm-1327846683822/1327846683822-0.9121956718154252/___package.npm/fs2http/lib/routes/readFile.coffee
silly asyncMap in gTP /tmp/npm-1327846683822/1327846683822-0.9121956718154252/___package.npm/fs2http/lib/routes/chmod.js
silly asyncMap in gTP /tmp/npm-1327846683822/1327846683822-0.9121956718154252/___package.npm/fs2http/lib/routes/ls.js
silly asyncMap in gTP /tmp/npm-1327846683822/1327846683822-0.9121956718154252/___package.npm/fs2http/lib/routes/writeFile.coffee
silly asyncMap in gTP /tmp/npm-1327846683822/1327846683822-0.9121956718154252/___package.npm/fs2http/lib/routes/utimes.js
silly asyncMap in gTP /tmp/npm-1327846683822/1327846683822-0.9121956718154252/___package.npm/fs2http/lib/routes/index.coffee
silly asyncMap in gTP /tmp/npm-1327846683822/1327846683822-0.9121956718154252/___package.npm/fs2http/lib/routes/writeFile.js
silly asyncMap in gTP /tmp/npm-1327846683822/1327846683822-0.9121956718154252/___package.npm/fs2http/lib/routes/chown.coffee
silly asyncMap in gTP /tmp/npm-1327846683822/1327846683822-0.9121956718154252/___package.npm/fs2http/lib/routes/readdir.js
silly asyncMap in gTP /tmp/npm-1327846683822/1327846683822-0.9121956718154252/___package.npm/fs2http/lib/routes/stat.coffee
silly asyncMap in gTP /tmp/npm-1327846683822/1327846683822-0.9121956718154252/___package.npm/fs2http/lib/routes/utimes.coffee
silly asyncMap in gTP /tmp/npm-1327846683822/1327846683822-0.9121956718154252/___package.npm/fs2http/lib/routes/chown.js
silly asyncMap in gTP /tmp/npm-1327846683822/1327846683822-0.9121956718154252/___package.npm/fs2http/lib/routes/stat.js
silly asyncMap in gTP /tmp/npm-1327846683822/1327846683822-0.9121956718154252/___package.npm/fs2http/lib/routes/mkdir.js
silly asyncMap in gTP /tmp/npm-1327846683822/1327846683822-0.9121956718154252/___package.npm/fs2http/lib/routes/rename.js
silly asyncMap in gTP /tmp/npm-1327846683822/1327846683822-0.9121956718154252/___package.npm/fs2http/lib/routes/rmdir.js
silly asyncMap in gTP /tmp/npm-1327846683822/1327846683822-0.9121956718154252/___package.npm/fs2http/lib/routes/chmod.coffee
silly asyncMap in gTP /tmp/npm-1327846683822/1327846683822-0.9121956718154252/___package.npm/fs2http/lib/routes/ls.coffee
silly asyncMap in gTP /tmp/npm-1327846683822/1327846683822-0.9121956718154252/___package.npm/fs2http/lib/routes/readdir.coffee
silly asyncMap in gTP /tmp/npm-1327846683822/1327846683822-0.9121956718154252/___package.npm/fs2http/lib/routes/mkdir.coffee
silly asyncMap in gTP /tmp/npm-1327846683822/1327846683822-0.9121956718154252/___package.npm/fs2http/lib/routes/rename.coffee
silly chmod fs2http 755
silly chmod index.js 644
silly chmod .travis.yml 644
silly chmod package.json 644
silly chmod .npmignore 644
silly chmod README.md 644
silly chmod test 755
silly chmod node-routes-test.coffee 644
silly chmod server.coffee 644
silly chmod server.js 644
silly chmod node-routes-test.js 644
silly chmod lib 755
silly chmod fs2http.js 644
silly chmod utils.js 644
silly chmod utils.coffee 644
silly chmod fs2http.coffee 644
silly chmod views 755
silly chmod index.jade 644
silly chmod routes 755
silly chmod readFile.js 644
silly chmod index.js 644
silly chmod rmdir.coffee 644
silly chmod readFile.coffee 644
silly chmod chmod.js 644
silly chmod ls.js 644
silly chmod writeFile.coffee 644
silly chmod utimes.js 644
silly chmod index.coffee 644
silly chmod writeFile.js 644
silly chmod chown.coffee 644
silly chmod readdir.js 644
silly chmod stat.coffee 644
silly chmod utimes.coffee 644
silly chmod chown.js 644
silly chmod stat.js 644
silly chmod mkdir.js 644
silly chmod rename.js 644
silly chmod rmdir.js 644
silly chmod chmod.coffee 644
silly chmod ls.coffee 644
silly chmod readdir.coffee 644
silly chmod mkdir.coffee 644
silly chmod rename.coffee 644
verbose gunzed /tmp/npm-1327846683822/1327846683822-0.9121956718154252/___package.npm/fs2http
verbose rm'ed /tmp/npm-1327846683822/1327846683822-0.9121956718154252/package
verbose renamed [ '/tmp/npm-1327846683822/1327846683822-0.9121956718154252/___package.npm/fs2http',
verbose renamed   '/tmp/npm-1327846683822/1327846683822-0.9121956718154252/package' ]
verbose caching /tmp/npm-1327846683822/1327846683822-0.9121956718154252/package/package.json
verbose loadDefaults fs2http@0.0.3
verbose tarball contents [ 'package', 'tmp.tgz' ]
verbose from cache /tmp/npm-1327846683822/1327846683822-0.9121956718154252/package/package.json
verbose pack /tmp/npm-1327846683822/1327846683822-0.9121956718154252/package
verbose pack /tmp/npm-1327846683822/1327846683822-0.9121956718154252/package /home/charles/.npm/fs2http/0.0.3/package.tgz
silly makeList /tmp/npm-1327846683822/1327846683822-0.9121956718154252/package
silly dir, dirLen [ '/tmp/npm-1327846683822/1327846683822-0.9121956718154252/package',
silly dir, dirLen   64 ]
verbose tarball /home/charles/.npm/fs2http/0.0.3/package.tgz
verbose parent /tmp/npm-1327846683822/1327846683822-0.9121956718154252/package
verbose mkdir (expected) error ENOENT, no such file or directory '/home/charles/.npm/fs2http/0.0.3/___package.npm'
verbose mkdir done: /home/charles/.npm/fs2http/0.0.3/___package.npm 755
verbose unpack_ uid, gid [ undefined, undefined ]
verbose unpackTarget /home/charles/.npm/fs2http/0.0.3/package
silly gunzTarPerm modes [ '755', '644' ]
silly afterUntar undefined
silly asyncMap in gTP /home/charles/.npm/fs2http/0.0.3/___package.npm/package
silly asyncMap in gTP /home/charles/.npm/fs2http/0.0.3/___package.npm/package/.travis.yml
silly asyncMap in gTP /home/charles/.npm/fs2http/0.0.3/___package.npm/package/README.md
silly asyncMap in gTP /home/charles/.npm/fs2http/0.0.3/___package.npm/package/package.json
silly asyncMap in gTP /home/charles/.npm/fs2http/0.0.3/___package.npm/package/.npmignore
silly asyncMap in gTP /home/charles/.npm/fs2http/0.0.3/___package.npm/package/index.js
silly asyncMap in gTP /home/charles/.npm/fs2http/0.0.3/___package.npm/package/test
silly asyncMap in gTP /home/charles/.npm/fs2http/0.0.3/___package.npm/package/test/server.js
silly asyncMap in gTP /home/charles/.npm/fs2http/0.0.3/___package.npm/package/test/node-routes-test.coffee
silly asyncMap in gTP /home/charles/.npm/fs2http/0.0.3/___package.npm/package/test/node-routes-test.js
silly asyncMap in gTP /home/charles/.npm/fs2http/0.0.3/___package.npm/package/test/server.coffee
silly asyncMap in gTP /home/charles/.npm/fs2http/0.0.3/___package.npm/package/lib
silly asyncMap in gTP /home/charles/.npm/fs2http/0.0.3/___package.npm/package/lib/fs2http.js
silly asyncMap in gTP /home/charles/.npm/fs2http/0.0.3/___package.npm/package/lib/utils.coffee
silly asyncMap in gTP /home/charles/.npm/fs2http/0.0.3/___package.npm/package/lib/utils.js
silly asyncMap in gTP /home/charles/.npm/fs2http/0.0.3/___package.npm/package/lib/fs2http.coffee
silly asyncMap in gTP /home/charles/.npm/fs2http/0.0.3/___package.npm/package/lib/routes
silly asyncMap in gTP /home/charles/.npm/fs2http/0.0.3/___package.npm/package/lib/routes/readFile.js
silly asyncMap in gTP /home/charles/.npm/fs2http/0.0.3/___package.npm/package/lib/routes/rename.coffee
silly asyncMap in gTP /home/charles/.npm/fs2http/0.0.3/___package.npm/package/lib/routes/chmod.coffee
silly asyncMap in gTP /home/charles/.npm/fs2http/0.0.3/___package.npm/package/lib/routes/writeFile.coffee
silly asyncMap in gTP /home/charles/.npm/fs2http/0.0.3/___package.npm/package/lib/routes/mkdir.coffee
silly asyncMap in gTP /home/charles/.npm/fs2http/0.0.3/___package.npm/package/lib/routes/ls.coffee
silly asyncMap in gTP /home/charles/.npm/fs2http/0.0.3/___package.npm/package/lib/routes/rmdir.coffee
silly asyncMap in gTP /home/charles/.npm/fs2http/0.0.3/___package.npm/package/lib/routes/utimes.coffee
silly asyncMap in gTP /home/charles/.npm/fs2http/0.0.3/___package.npm/package/lib/routes/chown.coffee
silly asyncMap in gTP /home/charles/.npm/fs2http/0.0.3/___package.npm/package/lib/routes/rmdir.js
silly asyncMap in gTP /home/charles/.npm/fs2http/0.0.3/___package.npm/package/lib/routes/rename.js
silly asyncMap in gTP /home/charles/.npm/fs2http/0.0.3/___package.npm/package/lib/routes/ls.js
silly asyncMap in gTP /home/charles/.npm/fs2http/0.0.3/___package.npm/package/lib/routes/readFile.coffee
silly asyncMap in gTP /home/charles/.npm/fs2http/0.0.3/___package.npm/package/lib/routes/readdir.coffee
silly asyncMap in gTP /home/charles/.npm/fs2http/0.0.3/___package.npm/package/lib/routes/utimes.js
silly asyncMap in gTP /home/charles/.npm/fs2http/0.0.3/___package.npm/package/lib/routes/writeFile.js
silly asyncMap in gTP /home/charles/.npm/fs2http/0.0.3/___package.npm/package/lib/routes/readdir.js
silly asyncMap in gTP /home/charles/.npm/fs2http/0.0.3/___package.npm/package/lib/routes/index.coffee
silly asyncMap in gTP /home/charles/.npm/fs2http/0.0.3/___package.npm/package/lib/routes/stat.coffee
silly asyncMap in gTP /home/charles/.npm/fs2http/0.0.3/___package.npm/package/lib/routes/chmod.js
silly asyncMap in gTP /home/charles/.npm/fs2http/0.0.3/___package.npm/package/lib/routes/chown.js
silly asyncMap in gTP /home/charles/.npm/fs2http/0.0.3/___package.npm/package/lib/routes/index.js
silly asyncMap in gTP /home/charles/.npm/fs2http/0.0.3/___package.npm/package/lib/routes/mkdir.js
silly asyncMap in gTP /home/charles/.npm/fs2http/0.0.3/___package.npm/package/lib/routes/stat.js
silly asyncMap in gTP /home/charles/.npm/fs2http/0.0.3/___package.npm/package/lib/views
silly asyncMap in gTP /home/charles/.npm/fs2http/0.0.3/___package.npm/package/lib/views/index.jade
silly chmod package 755
silly chmod test 755
silly chmod lib 755
silly chmod routes 755
silly chmod views 755
verbose gunzed /home/charles/.npm/fs2http/0.0.3/___package.npm/package
verbose rm'ed /home/charles/.npm/fs2http/0.0.3/package
verbose renamed [ '/home/charles/.npm/fs2http/0.0.3/___package.npm/package',
verbose renamed   '/home/charles/.npm/fs2http/0.0.3/package' ]
verbose caching /home/charles/.npm/fs2http/0.0.3/package/package.json
verbose loadDefaults fs2http@0.0.3
silly updated sha bytes 6860
info shasum 2b64e793ef72467b07b840a909325e551b03f5f4
info shasum /home/charles/.npm/fs2http/0.0.3/package.tgz
verbose from cache /home/charles/.npm/fs2http/0.0.3/package/package.json
verbose chmod /home/charles/.npm/fs2http/0.0.3/package.tgz 644
verbose chown [ '/home/charles/.npm/fs2http/0.0.3/package.tgz', 1000, 1000 ]
silly publish { name: 'fs2http',
silly publish   description: 'Creates Express routes to make filesystem manipulation possible',
silly publish   version: '0.0.3',
silly publish   author: 
silly publish    { name: 'Charles Bourasseau',
silly publish      email: 'charles.bourasseau@gmail.com' },
silly publish   contributors: [],
silly publish   dependencies: { async: '>= 0.1.15' },
silly publish   devDependencies: 
silly publish    { 'api-easy': '>= 0.3.2',
silly publish      wrench: '>= 1.3.5',
silly publish      express: '>= 2.5.4',
silly publish      vows: '*' },
silly publish   keywords: [ 'fs2http', 'filesystem', 'http', 'web', 'route' ],
silly publish   repository: { type: 'git', url: 'git@github.com:cbou/fs2http.git' },
silly publish   main: 'index',
silly publish   license: 'MIT',
silly publish   scripts: { test: 'vows test/*-test.js --spec' },
silly publish   engines: { node: '>= 0.6.8 < 0.7.0' },
silly publish   _npmUser: { name: 'cbou', email: 'charles.bourasseau@gmail.com' },
silly publish   _id: 'fs2http@0.0.3',
silly publish   optionalDependencies: {},
silly publish   _engineSupported: true,
silly publish   _npmVersion: '1.1.0-2',
silly publish   _nodeVersion: 'v0.6.8',
silly publish   _defaultsLoaded: true,
silly publish   dist: 
silly publish    { shasum: '2b64e793ef72467b07b840a909325e551b03f5f4',
silly publish      tarball: 'http://registry.npmjs.org/fs2http/-/fs2http-0.0.3.tgz' } }
verbose raw, before any munging fs2http
verbose url resolving [ 'https://registry.npmjs.org/', './fs2http' ]
verbose url resolved https://registry.npmjs.org/fs2http
http PUT https://registry.npmjs.org/fs2http
http 409 https://registry.npmjs.org/fs2http
verbose raw, before any munging fs2http
verbose url resolving [ 'https://registry.npmjs.org/', './fs2http' ]
verbose url resolved https://registry.npmjs.org/fs2http
http GET https://registry.npmjs.org/fs2http
http 200 https://registry.npmjs.org/fs2http
info Already published fs2http@0.0.3
verbose uploading bin dists []
ERR! publish fail Cannot publish over existing version.
ERR! publish fail Bump the 'version' field, set the --force flag, or
ERR! publish fail     npm unpublish 'fs2http@0.0.3'
ERR! publish fail and try again
ERR! 
ERR! System Linux 3.0.0-15-generic-pae
ERR! command "node" "/home/charles/.nvm/v0.6.8/bin/npm" "publish"
ERR! cwd /home/charles/Repositories/fs2http
ERR! node -v v0.6.8
ERR! npm -v 1.1.0-2
ERR! code EPUBLISHCONFLICT
ERR! message publish fail
ERR! errno {}
verbose exit [ 1, true ]
